0 verbose cli C:\Program Files\nodejs\node.exe C:\Program Files\nodejs\node_modules\npm\bin\npm-cli.js
1 info using npm@11.6.1
2 info using node@v24.11.0
3 silly config load:file:C:\Program Files\nodejs\node_modules\npm\npmrc
4 silly config load:file:C:\Users\HP\Downloads\staff-tracker-main\.npmrc
5 silly config load:file:C:\Users\HP\.npmrc
6 silly config load:file:C:\Users\HP\AppData\Roaming\npm\etc\npmrc
7 verbose title npm install @stitches/react
8 verbose argv "install" "@stitches/react"
9 verbose logfile logs-max:10 dir:C:\Users\HP\Downloads\staff-tracker-main\clean\_logs\2025-11-15T14_03_53_463Z-
10 verbose logfile C:\Users\HP\Downloads\staff-tracker-main\clean\_logs\2025-11-15T14_03_53_463Z-debug-0.log
11 silly logfile start cleaning logs, removing 1 files
12 silly packumentCache heap:2348810240 maxSize:587202560 maxEntrySize:293601280
13 silly logfile done cleaning log files
14 silly idealTree buildDeps
15 silly fetch manifest @stitches/react@*
16 silly packumentCache full:https://registry.npmjs.org/@stitches%2freact cache-miss
17 http fetch GET 200 https://registry.npmjs.org/@stitches%2freact 2140ms (cache miss)
18 silly packumentCache full:https://registry.npmjs.org/@stitches%2freact set size:undefined disposed:false
19 silly fetch manifest react@^18.3.1
20 silly packumentCache full:https://registry.npmjs.org/react cache-miss
21 http fetch GET 200 https://registry.npmjs.org/react 1302ms (cache updated)
22 silly packumentCache full:https://registry.npmjs.org/react set size:undefined disposed:false
23 silly placeDep ROOT @stitches/react@1.2.8 OK for: staff-salary-tracker@1.0.0 want: *
24 silly reify moves {}
25 silly audit bulk request {
25 silly audit   '@alloc/quick-lru': [ '5.2.0' ],
25 silly audit   '@date-fns/tz': [ '1.2.0' ],
25 silly audit   '@emnapi/runtime': [ '1.7.0' ],
25 silly audit   '@floating-ui/core': [ '1.7.3' ],
25 silly audit   '@floating-ui/dom': [ '1.7.4' ],
25 silly audit   '@floating-ui/react-dom': [ '2.1.6' ],
25 silly audit   '@floating-ui/utils': [ '0.2.10' ],
25 silly audit   '@hookform/resolvers': [ '3.10.0' ],
25 silly audit   '@img/colour': [ '1.0.0' ],
25 silly audit   '@img/sharp-darwin-arm64': [ '0.34.5' ],
25 silly audit   '@img/sharp-darwin-x64': [ '0.34.5' ],
25 silly audit   '@img/sharp-libvips-darwin-arm64': [ '1.2.4' ],
25 silly audit   '@img/sharp-libvips-darwin-x64': [ '1.2.4' ],
25 silly audit   '@img/sharp-libvips-linux-arm': [ '1.2.4' ],
25 silly audit   '@img/sharp-libvips-linux-arm64': [ '1.2.4' ],
25 silly audit   '@img/sharp-libvips-linux-ppc64': [ '1.2.4' ],
25 silly audit   '@img/sharp-libvips-linux-riscv64': [ '1.2.4' ],
25 silly audit   '@img/sharp-libvips-linux-s390x': [ '1.2.4' ],
25 silly audit   '@img/sharp-libvips-linux-x64': [ '1.2.4' ],
25 silly audit   '@img/sharp-libvips-linuxmusl-arm64': [ '1.2.4' ],
25 silly audit   '@img/sharp-libvips-linuxmusl-x64': [ '1.2.4' ],
25 silly audit   '@img/sharp-linux-arm': [ '0.34.5' ],
25 silly audit   '@img/sharp-linux-arm64': [ '0.34.5' ],
25 silly audit   '@img/sharp-linux-ppc64': [ '0.34.5' ],
25 silly audit   '@img/sharp-linux-riscv64': [ '0.34.5' ],
25 silly audit   '@img/sharp-linux-s390x': [ '0.34.5' ],
25 silly audit   '@img/sharp-linux-x64': [ '0.34.5' ],
25 silly audit   '@img/sharp-linuxmusl-arm64': [ '0.34.5' ],
25 silly audit   '@img/sharp-linuxmusl-x64': [ '0.34.5' ],
25 silly audit   '@img/sharp-wasm32': [ '0.34.5' ],
25 silly audit   '@img/sharp-win32-arm64': [ '0.34.5' ],
25 silly audit   '@img/sharp-win32-ia32': [ '0.34.5' ],
25 silly audit   '@img/sharp-win32-x64': [ '0.34.5' ],
25 silly audit   '@jridgewell/gen-mapping': [ '0.3.13' ],
25 silly audit   '@jridgewell/remapping': [ '2.3.5' ],
25 silly audit   '@jridgewell/resolve-uri': [ '3.1.2' ],
25 silly audit   '@jridgewell/sourcemap-codec': [ '1.5.5' ],
25 silly audit   '@jridgewell/trace-mapping': [ '0.3.31' ],
25 silly audit   '@neondatabase/serverless': [ '1.0.2' ],
25 silly audit   '@next/env': [ '16.0.2' ],
25 silly audit   '@next/swc-darwin-arm64': [ '16.0.2' ],
25 silly audit   '@next/swc-darwin-x64': [ '16.0.2' ],
25 silly audit   '@next/swc-linux-arm64-gnu': [ '16.0.2' ],
25 silly audit   '@next/swc-linux-arm64-musl': [ '16.0.2' ],
25 silly audit   '@next/swc-linux-x64-gnu': [ '16.0.2' ],
25 silly audit   '@next/swc-linux-x64-musl': [ '16.0.2' ],
25 silly audit   '@next/swc-win32-arm64-msvc': [ '16.0.2' ],
25 silly audit   '@next/swc-win32-x64-msvc': [ '16.0.2' ],
25 silly audit   '@prisma/client': [ '6.19.0' ],
25 silly audit   '@prisma/config': [ '6.19.0' ],
25 silly audit   '@prisma/debug': [ '6.19.0' ],
25 silly audit   '@prisma/engines': [ '6.19.0' ],
25 silly audit   '@prisma/engines-version': [ '6.19.0-26.2ba551f319ab1df4bc874a89965d8b3641056773' ],
25 silly audit   '@prisma/fetch-engine': [ '6.19.0' ],
25 silly audit   '@prisma/get-platform': [ '6.19.0' ],
25 silly audit   '@radix-ui/number': [ '1.1.0' ],
25 silly audit   '@radix-ui/primitive': [ '1.1.1' ],
25 silly audit   '@radix-ui/react-accordion': [ '1.2.2' ],
25 silly audit   '@radix-ui/react-alert-dialog': [ '1.1.4' ],
25 silly audit   '@radix-ui/react-arrow': [ '1.1.1' ],
25 silly audit   '@radix-ui/react-aspect-ratio': [ '1.1.1' ],
25 silly audit   '@radix-ui/react-avatar': [ '1.1.2' ],
25 silly audit   '@radix-ui/react-checkbox': [ '1.1.3' ],
25 silly audit   '@radix-ui/react-collapsible': [ '1.1.2' ],
25 silly audit   '@radix-ui/react-collection': [ '1.1.1' ],
25 silly audit   '@radix-ui/react-compose-refs': [ '1.1.1' ],
25 silly audit   '@radix-ui/react-context': [ '1.1.1' ],
25 silly audit   '@radix-ui/react-context-menu': [ '2.2.4' ],
25 silly audit   '@radix-ui/react-dialog': [ '1.1.4' ],
25 silly audit   '@radix-ui/react-direction': [ '1.1.0' ],
25 silly audit   '@radix-ui/react-dismissable-layer': [ '1.1.3' ],
25 silly audit   '@radix-ui/react-dropdown-menu': [ '2.1.4' ],
25 silly audit   '@radix-ui/react-focus-guards': [ '1.1.1' ],
25 silly audit   '@radix-ui/react-focus-scope': [ '1.1.1' ],
25 silly audit   '@radix-ui/react-hover-card': [ '1.1.4' ],
25 silly audit   '@radix-ui/react-id': [ '1.1.0' ],
25 silly audit   '@radix-ui/react-label': [ '2.1.1' ],
25 silly audit   '@radix-ui/react-menu': [ '2.1.4' ],
25 silly audit   '@radix-ui/react-menubar': [ '1.1.4' ],
25 silly audit   '@radix-ui/react-navigation-menu': [ '1.2.3' ],
25 silly audit   '@radix-ui/react-popover': [ '1.1.4' ],
25 silly audit   '@radix-ui/react-popper': [ '1.2.1' ],
25 silly audit   '@radix-ui/react-portal': [ '1.1.3' ],
25 silly audit   '@radix-ui/react-presence': [ '1.1.2' ],
25 silly audit   '@radix-ui/react-primitive': [ '2.0.1' ],
25 silly audit   '@radix-ui/react-progress': [ '1.1.1' ],
25 silly audit   '@radix-ui/react-radio-group': [ '1.2.2' ],
25 silly audit   '@radix-ui/react-roving-focus': [ '1.1.1' ],
25 silly audit   '@radix-ui/react-scroll-area': [ '1.2.2' ],
25 silly audit   '@radix-ui/react-select': [ '2.1.4' ],
25 silly audit   '@radix-ui/react-separator': [ '1.1.1' ],
25 silly audit   '@radix-ui/react-slider': [ '1.2.2' ],
25 silly audit   '@radix-ui/react-slot': [ '1.1.1' ],
25 silly audit   '@radix-ui/react-switch': [ '1.1.2' ],
25 silly audit   '@radix-ui/react-tabs': [ '1.1.2' ],
25 silly audit   '@radix-ui/react-toast': [ '1.2.4' ],
25 silly audit   '@radix-ui/react-toggle': [ '1.1.1' ],
25 silly audit   '@radix-ui/react-toggle-group': [ '1.1.1' ],
25 silly audit   '@radix-ui/react-tooltip': [ '1.1.6' ],
25 silly audit   '@radix-ui/react-use-callback-ref': [ '1.1.0' ],
25 silly audit   '@radix-ui/react-use-controllable-state': [ '1.1.0' ],
25 silly audit   '@radix-ui/react-use-escape-keydown': [ '1.1.0' ],
25 silly audit   '@radix-ui/react-use-layout-effect': [ '1.1.0' ],
25 silly audit   '@radix-ui/react-use-previous': [ '1.1.0' ],
25 silly audit   '@radix-ui/react-use-rect': [ '1.1.0' ],
25 silly audit   '@radix-ui/react-use-size': [ '1.1.0' ],
25 silly audit   '@radix-ui/react-visually-hidden': [ '1.1.1' ],
25 silly audit   '@radix-ui/rect': [ '1.1.0' ],
25 silly audit   '@reduxjs/toolkit': [ '2.10.1' ],
25 silly audit   '@standard-schema/spec': [ '1.0.0' ],
25 silly audit   '@standard-schema/utils': [ '0.3.0' ],
25 silly audit   '@swc/helpers': [ '0.5.15' ],
25 silly audit   '@tailwindcss/node': [ '4.1.17' ],
25 silly audit   '@tailwindcss/oxide-android-arm64': [ '4.1.17' ],
25 silly audit   '@tailwindcss/oxide-darwin-arm64': [ '4.1.17' ],
25 silly audit   '@tailwindcss/oxide-darwin-x64': [ '4.1.17' ],
25 silly audit   '@tailwindcss/oxide-freebsd-x64': [ '4.1.17' ],
25 silly audit   '@tailwindcss/oxide-linux-arm-gnueabihf': [ '4.1.17' ],
25 silly audit   '@tailwindcss/oxide-linux-arm64-gnu': [ '4.1.17' ],
25 silly audit   '@tailwindcss/oxide-linux-arm64-musl': [ '4.1.17' ],
25 silly audit   '@tailwindcss/oxide-linux-x64-gnu': [ '4.1.17' ],
25 silly audit   '@tailwindcss/oxide-linux-x64-musl': [ '4.1.17' ],
25 silly audit   '@tailwindcss/oxide-wasm32-wasi': [ '4.1.17' ],
25 silly audit   '@tailwindcss/oxide-win32-arm64-msvc': [ '4.1.17' ],
25 silly audit   '@tailwindcss/oxide-win32-x64-msvc': [ '4.1.17' ],
25 silly audit   '@tailwindcss/postcss': [ '4.1.17' ],
25 silly audit   '@tailwindcss/oxide': [ '4.1.17' ],
25 silly audit   '@types/bcryptjs': [ '2.4.6' ],
25 silly audit   '@types/d3-array': [ '3.2.2' ],
25 silly audit   '@types/d3-color': [ '3.1.3' ],
25 silly audit   '@types/d3-ease': [ '3.0.2' ],
25 silly audit   '@types/d3-interpolate': [ '3.0.4' ],
25 silly audit   '@types/d3-path': [ '3.1.1' ],
25 silly audit   '@types/d3-scale': [ '4.0.9' ],
25 silly audit   '@types/d3-shape': [ '3.1.7' ],
25 silly audit   '@types/d3-time': [ '3.0.4' ],
25 silly audit   '@types/d3-timer': [ '3.0.2' ],
25 silly audit   '@types/jsonwebtoken': [ '9.0.10' ],
25 silly audit   '@types/ms': [ '2.1.0' ],
25 silly audit   '@types/node': [ '22.19.1' ],
25 silly audit   '@types/pg': [ '8.15.6' ],
25 silly audit   '@types/react': [ '19.2.4' ],
25 silly audit   '@types/react-dom': [ '19.2.2' ],
25 silly audit   '@types/use-sync-external-store': [ '0.0.6' ],
25 silly audit   '@vercel/analytics': [ '1.5.0' ],
25 silly audit   'aria-hidden': [ '1.2.6' ],
25 silly audit   autoprefixer: [ '10.4.22' ],
25 silly audit   'aws-ssl-profiles': [ '1.1.2' ],
25 silly audit   'baseline-browser-mapping': [ '2.8.25' ],
25 silly audit   bcryptjs: [ '3.0.3' ],
25 silly audit   browserslist: [ '4.28.0' ],
25 silly audit   'buffer-equal-constant-time': [ '1.0.1' ],
25 silly audit   c12: [ '3.1.0' ],
25 silly audit   'call-bind-apply-helpers': [ '1.0.2' ],
25 silly audit   'call-bound': [ '1.0.4' ],
25 silly audit   'caniuse-lite': [ '1.0.30001754' ],
25 silly audit   chokidar: [ '4.0.3' ],
25 silly audit   citty: [ '0.1.6' ],
25 silly audit   'class-variance-authority': [ '0.7.1' ],
25 silly audit   'client-only': [ '0.0.1' ],
25 silly audit   clsx: [ '2.1.1' ],
25 silly audit   cmdk: [ '1.0.4' ],
25 silly audit   confbox: [ '0.2.2' ],
25 silly audit   consola: [ '3.4.2' ],
25 silly audit   cookie: [ '1.0.2' ],
25 silly audit   'cookies-next': [ '6.1.1' ],
25 silly audit   csstype: [ '3.1.3' ],
25 silly audit   'd3-array': [ '3.2.4' ],
25 silly audit   'd3-color': [ '3.1.0' ],
25 silly audit   'd3-ease': [ '3.0.1' ],
25 silly audit   'd3-format': [ '3.1.0' ],
25 silly audit   'd3-interpolate': [ '3.0.1' ],
25 silly audit   'd3-path': [ '3.1.0' ],
25 silly audit   'd3-scale': [ '4.0.2' ],
25 silly audit   'd3-shape': [ '3.2.0' ],
25 silly audit   'd3-time': [ '3.1.0' ],
25 silly audit   'd3-time-format': [ '4.1.0' ],
25 silly audit   'd3-timer': [ '3.0.1' ],
25 silly audit   'date-fns': [ '4.1.0' ],
25 silly audit   'date-fns-jalali': [ '4.1.0-0' ],
25 silly audit   'decimal.js-light': [ '2.5.1' ],
25 silly audit   'deepmerge-ts': [ '7.1.5' ],
25 silly audit   defu: [ '6.1.4' ],
25 silly audit   denque: [ '2.1.0' ],
25 silly audit   destr: [ '2.0.5' ],
25 silly audit   'detect-libc': [ '2.1.2' ],
25 silly audit   'detect-node-es': [ '1.1.0' ],
25 silly audit   dotenv: [ '16.6.1' ],
25 silly audit   'dunder-proto': [ '1.0.1' ],
25 silly audit   'ecdsa-sig-formatter': [ '1.0.11' ],
25 silly audit   effect: [ '3.18.4' ],
25 silly audit   'electron-to-chromium': [ '1.5.250' ],
25 silly audit   'embla-carousel': [ '8.5.1' ],
25 silly audit   'embla-carousel-react': [ '8.5.1' ],
25 silly audit   'embla-carousel-reactive-utils': [ '8.5.1' ],
25 silly audit   empathic: [ '2.0.0' ],
25 silly audit   'enhanced-resolve': [ '5.18.3' ],
25 silly audit   'es-define-property': [ '1.0.1' ],
25 silly audit   'es-errors': [ '1.3.0' ],
25 silly audit   'es-object-atoms': [ '1.1.1' ],
25 silly audit   'es-toolkit': [ '1.41.0' ],
25 silly audit   escalade: [ '3.2.0' ],
25 silly audit   eventemitter3: [ '5.0.1' ],
25 silly audit   exsolve: [ '1.0.8' ],
25 silly audit   'fast-check': [ '3.23.2' ],
25 silly audit   'fraction.js': [ '5.3.4' ],
25 silly audit   'function-bind': [ '1.1.2' ],
25 silly audit   'generate-function': [ '2.3.1' ],
25 silly audit   'get-intrinsic': [ '1.3.0' ],
25 silly audit   'get-nonce': [ '1.0.1' ],
25 silly audit   'get-proto': [ '1.0.1' ],
25 silly audit   giget: [ '2.0.0' ],
25 silly audit   gopd: [ '1.2.0' ],
25 silly audit   'graceful-fs': [ '4.2.11' ],
25 silly audit   'has-symbols': [ '1.1.0' ],
25 silly audit   hasown: [ '2.0.2' ],
25 silly audit   http: [ '0.0.1-security' ],
25 silly audit   'iconv-lite': [ '0.7.0' ],
25 silly audit   immer: [ '10.2.0' ],
25 silly audit   'input-otp': [ '1.4.1' ],
25 silly audit   internmap: [ '2.0.3' ],
25 silly audit   'is-property': [ '1.0.2' ],
25 silly audit   jiti: [ '2.6.1' ],
25 silly audit   'js-tokens': [ '4.0.0' ],
25 silly audit   jsonwebtoken: [ '9.0.2' ],
25 silly audit   jwa: [ '1.4.2' ],
25 silly audit   jws: [ '3.2.2' ],
25 silly audit   lightningcss: [ '1.30.2' ],
25 silly audit   'lightningcss-android-arm64': [ '1.30.2' ],
25 silly audit   'lightningcss-darwin-arm64': [ '1.30.2' ],
25 silly audit   'lightningcss-darwin-x64': [ '1.30.2' ],
25 silly audit   'lightningcss-freebsd-x64': [ '1.30.2' ],
25 silly audit   'lightningcss-linux-arm-gnueabihf': [ '1.30.2' ],
25 silly audit   'lightningcss-linux-arm64-gnu': [ '1.30.2' ],
25 silly audit   'lightningcss-linux-arm64-musl': [ '1.30.2' ],
25 silly audit   'lightningcss-linux-x64-gnu': [ '1.30.2' ],
25 silly audit   'lightningcss-linux-x64-musl': [ '1.30.2' ],
25 silly audit   'lightningcss-win32-arm64-msvc': [ '1.30.2' ],
25 silly audit   'lightningcss-win32-x64-msvc': [ '1.30.2' ],
25 silly audit   'lodash.includes': [ '4.3.0' ],
25 silly audit   'lodash.isboolean': [ '3.0.3' ],
25 silly audit   'lodash.isinteger': [ '4.0.4' ],
25 silly audit   'lodash.isnumber': [ '3.0.3' ],
25 silly audit   'lodash.isplainobject': [ '4.0.6' ],
25 silly audit   'lodash.isstring': [ '4.0.1' ],
25 silly audit   'lodash.once': [ '4.1.1' ],
25 silly audit   long: [ '5.3.2' ],
25 silly audit   'loose-envify': [ '1.4.0' ],
25 silly audit   'lru-cache': [ '7.18.3' ],
25 silly audit   'lru.min': [ '1.1.2' ],
25 silly audit   'lucide-react': [ '0.454.0' ],
25 silly audit   'magic-string': [ '0.30.21' ],
25 silly audit   'math-intrinsics': [ '1.1.0' ],
25 silly audit   ms: [ '2.1.3' ],
25 silly audit   mysql2: [ '3.15.3' ],
25 silly audit   'named-placeholders': [ '1.1.3' ],
25 silly audit   nanoid: [ '3.3.11' ],
25 silly audit   next: [ '16.0.2' ],
25 silly audit   'next-themes': [ '0.4.6' ],
25 silly audit   postcss: [ '8.4.31', '8.5.6' ],
25 silly audit   'node-fetch-native': [ '1.6.7' ],
25 silly audit   'node-releases': [ '2.0.27' ],
25 silly audit   'normalize-range': [ '0.1.2' ],
25 silly audit   nypm: [ '0.6.2' ],
25 silly audit   'object-inspect': [ '1.13.4' ],
25 silly audit   ohash: [ '2.0.11' ],
25 silly audit   pathe: [ '2.0.3' ],
25 silly audit   'perfect-debounce': [ '1.0.0' ],
25 silly audit   'pg-int8': [ '1.0.1' ],
25 silly audit   'pg-protocol': [ '1.10.3' ],
25 silly audit   'pg-types': [ '2.2.0' ],
25 silly audit   picocolors: [ '1.1.1' ],
25 silly audit   'pkg-types': [ '2.3.0' ],
25 silly audit   'postcss-value-parser': [ '4.2.0' ],
25 silly audit   'postgres-array': [ '2.0.0' ],
25 silly audit   'postgres-bytea': [ '1.0.0' ],
25 silly audit   'postgres-date': [ '1.0.7' ],
25 silly audit   'postgres-interval': [ '1.2.0' ],
25 silly audit   prisma: [ '6.19.0' ],
25 silly audit   punycode: [ '1.4.1' ],
25 silly audit   'pure-rand': [ '6.1.0' ],
25 silly audit   qs: [ '6.14.0' ],
25 silly audit   rc9: [ '2.1.2' ],
25 silly audit   react: [ '18.3.1' ],
25 silly audit   'react-day-picker': [ '9.8.0' ],
25 silly audit   'react-dom': [ '18.3.1' ],
25 silly audit   'react-hook-form': [ '7.66.0' ],
25 silly audit   'react-is': [ '19.2.0' ],
25 silly audit   'react-redux': [ '9.2.0' ],
25 silly audit   'react-remove-scroll': [ '2.7.1' ],
25 silly audit   'react-remove-scroll-bar': [ '2.3.8' ],
25 silly audit   'react-resizable-panels': [ '2.1.9' ],
25 silly audit   'react-style-singleton': [ '2.2.3' ],
25 silly audit   'react-to-print': [ '3.2.0' ],
25 silly audit   readdirp: [ '4.1.2' ],
25 silly audit   recharts: [ '3.4.1' ],
25 silly audit   redux: [ '5.0.1' ],
25 silly audit   'redux-thunk': [ '3.1.0' ],
25 silly audit   reselect: [ '5.1.1' ],
25 silly audit   'safe-buffer': [ '5.2.1' ],
25 silly audit   'safer-buffer': [ '2.1.2' ],
25 silly audit   scheduler: [ '0.23.2' ],
25 silly audit   semver: [ '7.7.3' ],
25 silly audit   'seq-queue': [ '0.0.5' ],
25 silly audit   sharp: [ '0.34.5' ],
25 silly audit   'side-channel': [ '1.1.0' ],
25 silly audit   'side-channel-list': [ '1.0.0' ],
25 silly audit   'side-channel-map': [ '1.0.1' ],
25 silly audit   'side-channel-weakmap': [ '1.0.2' ],
25 silly audit   sonner: [ '1.7.4' ],
25 silly audit   'source-map-js': [ '1.2.1' ],
25 silly audit   sqlstring: [ '2.3.3' ],
25 silly audit   'styled-jsx': [ '5.1.6' ],
25 silly audit   'tailwind-merge': [ '2.6.0' ],
25 silly audit   tailwindcss: [ '4.1.17' ],
25 silly audit   'tailwindcss-animate': [ '1.0.7' ],
25 silly audit   tapable: [ '2.3.0' ],
25 silly audit   'tiny-invariant': [ '1.3.3' ],
25 silly audit   tinyexec: [ '1.0.2' ],
25 silly audit   tslib: [ '2.8.1' ],
25 silly audit   'tw-animate': [ '1.0.3' ],
25 silly audit   'tw-animate-css': [ '1.3.3' ],
25 silly audit   typescript: [ '5.9.3' ],
25 silly audit   'undici-types': [ '6.21.0' ],
25 silly audit   'update-browserslist-db': [ '1.1.4' ],
25 silly audit   url: [ '0.11.4' ],
25 silly audit   'use-callback-ref': [ '1.3.3' ],
25 silly audit   'use-sidecar': [ '1.1.3' ],
25 silly audit   'use-sync-external-store': [ '1.6.0' ],
25 silly audit   vaul: [ '0.9.9' ],
25 silly audit   'victory-vendor': [ '37.3.6' ],
25 silly audit   xtend: [ '4.0.2' ],
25 silly audit   zod: [ '3.25.76' ],
25 silly audit   '@stitches/react': [ '1.2.8' ]
25 silly audit }
26 http cache @stitches/react@https://registry.npmjs.org/@stitches/react/-/react-1.2.8.tgz 0ms (cache hit)
27 silly tarball no local data for @stitches/react@https://registry.npmjs.org/@stitches/react/-/react-1.2.8.tgz. Extracting by manifest.
28 http fetch POST 200 https://registry.npmjs.org/-/npm/v1/security/advisories/bulk 607ms
29 silly audit report {}
30 http fetch GET 200 https://registry.npmjs.org/@stitches/react/-/react-1.2.8.tgz 4919ms (cache miss)
31 silly ADD node_modules/@stitches/react
32 verbose cwd C:\Users\HP\Downloads\staff-tracker-main
33 verbose os Windows_NT 10.0.22000
34 verbose node v24.11.0
35 verbose npm  v11.6.1
36 verbose exit 0
37 info ok
